1614939567349:help
1614939571107:consume
1614939580382:exit
1614939594313:help
1614939597063:consume
1614939602221:exit
1614939611434:help
1614939618092:produce --value sadassdfdt5ry
1614939627764:consume
1614939632814:exit
1614939641299:consume
1614939649797:exit
1614950306545:help
1614950624196:consume
1614950953424:help
1614950960801:produce-simultaneous
1614950966852:produce-simultaneous --value 213123
1614952471316:exit
1621399036258:help
1621399045084:produce
1621399056127:produce --value str
