[2021-05-19 04:16:25,804] DEBUG preRegister called. Server=com.sun.jmx.mbeanserver.JmxMBeanServer@66d3c617, name=log4j:logger=kafka.controller (kafka.controller)
[2021-05-19 04:17:07,821] INFO [ControllerEventThread controllerId=0] Starting (kafka.controller.ControllerEventManager$ControllerEventThread)
[2021-05-19 04:17:07,933] INFO [Controller id=0] 0 successfully elected as the controller. Epoch incremented to 1 and epoch zk version is now 1 (kafka.controller.KafkaController)
[2021-05-19 04:17:07,969] INFO [Controller id=0] Creating FeatureZNode at path: /feature with contents: FeatureZNode(Enabled,Features{}) (kafka.controller.KafkaController)
[2021-05-19 04:17:08,164] INFO [Controller id=0] Registering handlers (kafka.controller.KafkaController)
[2021-05-19 04:17:08,181] INFO [Controller id=0] Deleting log dir event notifications (kafka.controller.KafkaController)
[2021-05-19 04:17:08,189] INFO [Controller id=0] Deleting isr change notifications (kafka.controller.KafkaController)
[2021-05-19 04:17:08,195] INFO [Controller id=0] Initializing controller context (kafka.controller.KafkaController)
[2021-05-19 04:17:08,226] INFO [Controller id=0] Initialized broker epochs cache: Map(0 -> 24) (kafka.controller.KafkaController)
[2021-05-19 04:17:08,235] DEBUG [Controller id=0] Register BrokerModifications handler for Set(0) (kafka.controller.KafkaController)
[2021-05-19 04:17:08,253] DEBUG [Channel manager on controller 0]: Controller 0 trying to connect to broker 0 (kafka.controller.ControllerChannelManager)
[2021-05-19 04:17:08,269] INFO [RequestSendThread controllerId=0] Starting (kafka.controller.RequestSendThread)
[2021-05-19 04:17:08,270] INFO [Controller id=0] Currently active brokers in the cluster: Set(0) (kafka.controller.KafkaController)
[2021-05-19 04:17:08,271] INFO [Controller id=0] Currently shutting brokers in the cluster: Set() (kafka.controller.KafkaController)
[2021-05-19 04:17:08,272] INFO [Controller id=0] Current list of topics in the cluster: Set() (kafka.controller.KafkaController)
[2021-05-19 04:17:08,273] INFO [Controller id=0] Fetching topic deletions in progress (kafka.controller.KafkaController)
[2021-05-19 04:17:08,279] INFO [Controller id=0] List of topics to be deleted:  (kafka.controller.KafkaController)
[2021-05-19 04:17:08,280] INFO [Controller id=0] List of topics ineligible for deletion:  (kafka.controller.KafkaController)
[2021-05-19 04:17:08,280] INFO [Controller id=0] Initializing topic deletion manager (kafka.controller.KafkaController)
[2021-05-19 04:17:08,282] INFO [Topic Deletion Manager 0] Initializing manager with initial deletions: Set(), initial ineligible deletions: Set() (kafka.controller.TopicDeletionManager)
[2021-05-19 04:17:08,283] INFO [Controller id=0] Sending update metadata request (kafka.controller.KafkaController)
[2021-05-19 04:17:08,315] INFO [ReplicaStateMachine controllerId=0] Initializing replica state (kafka.controller.ZkReplicaStateMachine)
[2021-05-19 04:17:08,318] INFO [ReplicaStateMachine controllerId=0] Triggering online replica state changes (kafka.controller.ZkReplicaStateMachine)
[2021-05-19 04:17:08,329] INFO [ReplicaStateMachine controllerId=0] Triggering offline replica state changes (kafka.controller.ZkReplicaStateMachine)
[2021-05-19 04:17:08,330] DEBUG [ReplicaStateMachine controllerId=0] Started replica state machine with initial state -> Map() (kafka.controller.ZkReplicaStateMachine)
[2021-05-19 04:17:08,333] INFO [PartitionStateMachine controllerId=0] Initializing partition state (kafka.controller.ZkPartitionStateMachine)
[2021-05-19 04:17:08,337] INFO [PartitionStateMachine controllerId=0] Triggering online partition state changes (kafka.controller.ZkPartitionStateMachine)
[2021-05-19 04:17:08,346] DEBUG [PartitionStateMachine controllerId=0] Started partition state machine with initial state -> Map() (kafka.controller.ZkPartitionStateMachine)
[2021-05-19 04:17:08,347] INFO [Controller id=0] Ready to serve as the new controller with epoch 1 (kafka.controller.KafkaController)
[2021-05-19 04:17:08,360] INFO [RequestSendThread controllerId=0] Controller 0 connected to ctct.example.in:9092 (id: 0 rack: null) for sending state change requests (kafka.controller.RequestSendThread)
[2021-05-19 04:17:08,361] INFO [Controller id=0] Partitions undergoing preferred replica election:  (kafka.controller.KafkaController)
[2021-05-19 04:17:08,362] INFO [Controller id=0] Partitions that completed preferred replica election:  (kafka.controller.KafkaController)
[2021-05-19 04:17:08,363] INFO [Controller id=0] Skipping preferred replica election for partitions due to topic deletion:  (kafka.controller.KafkaController)
[2021-05-19 04:17:08,364] INFO [Controller id=0] Resuming preferred replica election for partitions:  (kafka.controller.KafkaController)
[2021-05-19 04:17:08,366] INFO [Controller id=0] Starting replica leader election (PREFERRED) for partitions  triggered by ZkTriggered (kafka.controller.KafkaController)
[2021-05-19 04:17:08,413] INFO [Controller id=0] Starting the controller scheduler (kafka.controller.KafkaController)
[2021-05-19 04:17:13,417] INFO [Controller id=0] Processing automatic preferred replica leader election (kafka.controller.KafkaController)
[2021-05-19 04:17:13,418] TRACE [Controller id=0] Checking need to trigger auto leader balancing (kafka.controller.KafkaController)
[2021-05-19 04:22:13,423] INFO [Controller id=0] Processing automatic preferred replica leader election (kafka.controller.KafkaController)
[2021-05-19 04:22:13,424] TRACE [Controller id=0] Checking need to trigger auto leader balancing (kafka.controller.KafkaController)
[2021-05-19 04:27:13,425] INFO [Controller id=0] Processing automatic preferred replica leader election (kafka.controller.KafkaController)
[2021-05-19 04:27:13,425] TRACE [Controller id=0] Checking need to trigger auto leader balancing (kafka.controller.KafkaController)
[2021-05-19 04:31:44,764] DEBUG preRegister called. Server=com.sun.jmx.mbeanserver.JmxMBeanServer@66d3c617, name=log4j:logger=kafka.controller (kafka.controller)
[2021-05-19 04:32:05,602] INFO [ControllerEventThread controllerId=0] Starting (kafka.controller.ControllerEventManager$ControllerEventThread)
[2021-05-19 04:32:05,656] INFO [Controller id=0] 0 successfully elected as the controller. Epoch incremented to 2 and epoch zk version is now 2 (kafka.controller.KafkaController)
[2021-05-19 04:32:05,660] INFO [Controller id=0] Registering handlers (kafka.controller.KafkaController)
[2021-05-19 04:32:05,667] INFO [Controller id=0] Deleting log dir event notifications (kafka.controller.KafkaController)
[2021-05-19 04:32:05,676] INFO [Controller id=0] Deleting isr change notifications (kafka.controller.KafkaController)
[2021-05-19 04:32:05,681] INFO [Controller id=0] Initializing controller context (kafka.controller.KafkaController)
[2021-05-19 04:32:05,702] INFO [Controller id=0] Initialized broker epochs cache: Map(0 -> 45) (kafka.controller.KafkaController)
[2021-05-19 04:32:05,717] DEBUG [Controller id=0] Register BrokerModifications handler for Set(0) (kafka.controller.KafkaController)
[2021-05-19 04:32:05,730] DEBUG [Channel manager on controller 0]: Controller 0 trying to connect to broker 0 (kafka.controller.ControllerChannelManager)
[2021-05-19 04:32:05,765] INFO [RequestSendThread controllerId=0] Starting (kafka.controller.RequestSendThread)
[2021-05-19 04:32:05,767] INFO [Controller id=0] Currently active brokers in the cluster: Set(0) (kafka.controller.KafkaController)
[2021-05-19 04:32:05,768] INFO [Controller id=0] Currently shutting brokers in the cluster: Set() (kafka.controller.KafkaController)
[2021-05-19 04:32:05,769] INFO [Controller id=0] Current list of topics in the cluster: Set() (kafka.controller.KafkaController)
[2021-05-19 04:32:05,770] INFO [Controller id=0] Fetching topic deletions in progress (kafka.controller.KafkaController)
[2021-05-19 04:32:05,814] INFO [Controller id=0] List of topics to be deleted:  (kafka.controller.KafkaController)
[2021-05-19 04:32:05,816] INFO [Controller id=0] List of topics ineligible for deletion:  (kafka.controller.KafkaController)
[2021-05-19 04:32:05,819] INFO [Controller id=0] Initializing topic deletion manager (kafka.controller.KafkaController)
[2021-05-19 04:32:05,822] INFO [Topic Deletion Manager 0] Initializing manager with initial deletions: Set(), initial ineligible deletions: Set() (kafka.controller.TopicDeletionManager)
[2021-05-19 04:32:05,825] INFO [Controller id=0] Sending update metadata request (kafka.controller.KafkaController)
[2021-05-19 04:32:05,857] INFO [ReplicaStateMachine controllerId=0] Initializing replica state (kafka.controller.ZkReplicaStateMachine)
[2021-05-19 04:32:05,859] INFO [ReplicaStateMachine controllerId=0] Triggering online replica state changes (kafka.controller.ZkReplicaStateMachine)
[2021-05-19 04:32:05,868] INFO [ReplicaStateMachine controllerId=0] Triggering offline replica state changes (kafka.controller.ZkReplicaStateMachine)
[2021-05-19 04:32:05,870] DEBUG [ReplicaStateMachine controllerId=0] Started replica state machine with initial state -> Map() (kafka.controller.ZkReplicaStateMachine)
[2021-05-19 04:32:05,872] INFO [PartitionStateMachine controllerId=0] Initializing partition state (kafka.controller.ZkPartitionStateMachine)
[2021-05-19 04:32:05,873] INFO [RequestSendThread controllerId=0] Controller 0 connected to ctct:9092 (id: 0 rack: null) for sending state change requests (kafka.controller.RequestSendThread)
[2021-05-19 04:32:05,873] INFO [PartitionStateMachine controllerId=0] Triggering online partition state changes (kafka.controller.ZkPartitionStateMachine)
[2021-05-19 04:32:05,882] DEBUG [PartitionStateMachine controllerId=0] Started partition state machine with initial state -> Map() (kafka.controller.ZkPartitionStateMachine)
[2021-05-19 04:32:05,883] INFO [Controller id=0] Ready to serve as the new controller with epoch 2 (kafka.controller.KafkaController)
[2021-05-19 04:32:05,904] INFO [Controller id=0] Partitions undergoing preferred replica election:  (kafka.controller.KafkaController)
[2021-05-19 04:32:05,906] INFO [Controller id=0] Partitions that completed preferred replica election:  (kafka.controller.KafkaController)
[2021-05-19 04:32:05,907] INFO [Controller id=0] Skipping preferred replica election for partitions due to topic deletion:  (kafka.controller.KafkaController)
[2021-05-19 04:32:05,908] INFO [Controller id=0] Resuming preferred replica election for partitions:  (kafka.controller.KafkaController)
[2021-05-19 04:32:05,912] INFO [Controller id=0] Starting replica leader election (PREFERRED) for partitions  triggered by ZkTriggered (kafka.controller.KafkaController)
[2021-05-19 04:32:05,943] INFO [Controller id=0] Starting the controller scheduler (kafka.controller.KafkaController)
[2021-05-19 04:32:10,946] INFO [Controller id=0] Processing automatic preferred replica leader election (kafka.controller.KafkaController)
[2021-05-19 04:32:10,947] TRACE [Controller id=0] Checking need to trigger auto leader balancing (kafka.controller.KafkaController)
[2021-05-19 04:32:56,332] INFO [Controller id=0] Shutting down broker 0 (kafka.controller.KafkaController)
[2021-05-19 04:32:56,332] DEBUG [Controller id=0] All shutting down brokers: 0 (kafka.controller.KafkaController)
[2021-05-19 04:32:56,334] DEBUG [Controller id=0] Live brokers:  (kafka.controller.KafkaController)
[2021-05-19 04:32:56,340] TRACE [Controller id=0] All leaders =  (kafka.controller.KafkaController)
[2021-05-19 04:32:57,854] INFO [ControllerEventThread controllerId=0] Shutting down (kafka.controller.ControllerEventManager$ControllerEventThread)
[2021-05-19 04:32:57,855] INFO [ControllerEventThread controllerId=0] Stopped (kafka.controller.ControllerEventManager$ControllerEventThread)
[2021-05-19 04:32:57,855] INFO [ControllerEventThread controllerId=0] Shutdown completed (kafka.controller.ControllerEventManager$ControllerEventThread)
[2021-05-19 04:32:57,856] DEBUG [Controller id=0] Resigning (kafka.controller.KafkaController)
[2021-05-19 04:32:57,857] DEBUG [Controller id=0] Unregister BrokerModifications handler for Set(0) (kafka.controller.KafkaController)
[2021-05-19 04:32:57,859] INFO [PartitionStateMachine controllerId=0] Stopped partition state machine (kafka.controller.ZkPartitionStateMachine)
[2021-05-19 04:32:57,861] INFO [ReplicaStateMachine controllerId=0] Stopped replica state machine (kafka.controller.ZkReplicaStateMachine)
[2021-05-19 04:32:57,861] INFO [RequestSendThread controllerId=0] Shutting down (kafka.controller.RequestSendThread)
[2021-05-19 04:32:57,862] INFO [RequestSendThread controllerId=0] Stopped (kafka.controller.RequestSendThread)
[2021-05-19 04:32:57,862] INFO [RequestSendThread controllerId=0] Shutdown completed (kafka.controller.RequestSendThread)
[2021-05-19 04:32:57,866] INFO [Controller id=0] Resigned (kafka.controller.KafkaController)
[2021-05-19 04:35:30,502] INFO [ControllerEventThread controllerId=0] Starting (kafka.controller.ControllerEventManager$ControllerEventThread)
[2021-05-19 04:35:30,582] INFO [Controller id=0] 0 successfully elected as the controller. Epoch incremented to 3 and epoch zk version is now 3 (kafka.controller.KafkaController)
[2021-05-19 04:35:30,590] INFO [Controller id=0] Registering handlers (kafka.controller.KafkaController)
[2021-05-19 04:35:30,600] INFO [Controller id=0] Deleting log dir event notifications (kafka.controller.KafkaController)
[2021-05-19 04:35:30,610] INFO [Controller id=0] Deleting isr change notifications (kafka.controller.KafkaController)
[2021-05-19 04:35:30,618] INFO [Controller id=0] Initializing controller context (kafka.controller.KafkaController)
[2021-05-19 04:35:30,649] INFO [Controller id=0] Initialized broker epochs cache: Map(0 -> 64) (kafka.controller.KafkaController)
[2021-05-19 04:35:30,665] DEBUG [Controller id=0] Register BrokerModifications handler for Set(0) (kafka.controller.KafkaController)
[2021-05-19 04:35:30,715] DEBUG [Channel manager on controller 0]: Controller 0 trying to connect to broker 0 (kafka.controller.ControllerChannelManager)
[2021-05-19 04:35:30,773] INFO [RequestSendThread controllerId=0] Starting (kafka.controller.RequestSendThread)
[2021-05-19 04:35:30,773] INFO [Controller id=0] Currently active brokers in the cluster: Set(0) (kafka.controller.KafkaController)
[2021-05-19 04:35:30,775] INFO [Controller id=0] Currently shutting brokers in the cluster: Set() (kafka.controller.KafkaController)
[2021-05-19 04:35:30,776] INFO [Controller id=0] Current list of topics in the cluster: Set() (kafka.controller.KafkaController)
[2021-05-19 04:35:30,777] INFO [Controller id=0] Fetching topic deletions in progress (kafka.controller.KafkaController)
[2021-05-19 04:35:30,785] INFO [Controller id=0] List of topics to be deleted:  (kafka.controller.KafkaController)
[2021-05-19 04:35:30,786] INFO [Controller id=0] List of topics ineligible for deletion:  (kafka.controller.KafkaController)
[2021-05-19 04:35:30,787] INFO [Controller id=0] Initializing topic deletion manager (kafka.controller.KafkaController)
[2021-05-19 04:35:30,789] INFO [Topic Deletion Manager 0] Initializing manager with initial deletions: Set(), initial ineligible deletions: Set() (kafka.controller.TopicDeletionManager)
[2021-05-19 04:35:30,791] INFO [Controller id=0] Sending update metadata request (kafka.controller.KafkaController)
[2021-05-19 04:35:30,817] INFO [ReplicaStateMachine controllerId=0] Initializing replica state (kafka.controller.ZkReplicaStateMachine)
[2021-05-19 04:35:30,818] INFO [ReplicaStateMachine controllerId=0] Triggering online replica state changes (kafka.controller.ZkReplicaStateMachine)
[2021-05-19 04:35:30,826] INFO [ReplicaStateMachine controllerId=0] Triggering offline replica state changes (kafka.controller.ZkReplicaStateMachine)
[2021-05-19 04:35:30,827] DEBUG [ReplicaStateMachine controllerId=0] Started replica state machine with initial state -> Map() (kafka.controller.ZkReplicaStateMachine)
[2021-05-19 04:35:30,828] INFO [PartitionStateMachine controllerId=0] Initializing partition state (kafka.controller.ZkPartitionStateMachine)
[2021-05-19 04:35:30,830] INFO [PartitionStateMachine controllerId=0] Triggering online partition state changes (kafka.controller.ZkPartitionStateMachine)
[2021-05-19 04:35:30,835] INFO [RequestSendThread controllerId=0] Controller 0 connected to ctct:9092 (id: 0 rack: null) for sending state change requests (kafka.controller.RequestSendThread)
[2021-05-19 04:35:30,838] DEBUG [PartitionStateMachine controllerId=0] Started partition state machine with initial state -> Map() (kafka.controller.ZkPartitionStateMachine)
[2021-05-19 04:35:30,838] INFO [Controller id=0] Ready to serve as the new controller with epoch 3 (kafka.controller.KafkaController)
[2021-05-19 04:35:30,857] INFO [Controller id=0] Partitions undergoing preferred replica election:  (kafka.controller.KafkaController)
[2021-05-19 04:35:30,857] INFO [Controller id=0] Partitions that completed preferred replica election:  (kafka.controller.KafkaController)
[2021-05-19 04:35:30,858] INFO [Controller id=0] Skipping preferred replica election for partitions due to topic deletion:  (kafka.controller.KafkaController)
[2021-05-19 04:35:30,859] INFO [Controller id=0] Resuming preferred replica election for partitions:  (kafka.controller.KafkaController)
[2021-05-19 04:35:30,862] INFO [Controller id=0] Starting replica leader election (PREFERRED) for partitions  triggered by ZkTriggered (kafka.controller.KafkaController)
[2021-05-19 04:35:30,902] INFO [Controller id=0] Starting the controller scheduler (kafka.controller.KafkaController)
[2021-05-19 04:35:35,906] INFO [Controller id=0] Processing automatic preferred replica leader election (kafka.controller.KafkaController)
[2021-05-19 04:35:35,907] TRACE [Controller id=0] Checking need to trigger auto leader balancing (kafka.controller.KafkaController)
[2021-05-19 04:36:00,147] INFO [Controller id=0] New topics: [Set(topic)], deleted topics: [Set()], new partition replica assignment [Map(topic-1 -> ReplicaAssignment(replicas=0, addingReplicas=, removingReplicas=), topic-0 -> ReplicaAssignment(replicas=0, addingReplicas=, removingReplicas=), topic-5 -> ReplicaAssignment(replicas=0, addingReplicas=, removingReplicas=), topic-4 -> ReplicaAssignment(replicas=0, addingReplicas=, removingReplicas=), topic-3 -> ReplicaAssignment(replicas=0, addingReplicas=, removingReplicas=), topic-2 -> ReplicaAssignment(replicas=0, addingReplicas=, removingReplicas=))] (kafka.controller.KafkaController)
[2021-05-19 04:36:00,148] INFO [Controller id=0] New partition creation callback for topic-1,topic-0,topic-5,topic-4,topic-3,topic-2 (kafka.controller.KafkaController)
[2021-05-19 04:40:35,911] INFO [Controller id=0] Processing automatic preferred replica leader election (kafka.controller.KafkaController)
[2021-05-19 04:40:35,912] TRACE [Controller id=0] Checking need to trigger auto leader balancing (kafka.controller.KafkaController)
[2021-05-19 04:40:35,917] DEBUG [Controller id=0] Topics not in preferred replica for broker 0 Map() (kafka.controller.KafkaController)
[2021-05-19 04:40:35,919] TRACE [Controller id=0] Leader imbalance ratio for broker 0 is 0.0 (kafka.controller.KafkaController)
[2021-05-19 04:41:21,330] INFO [Controller id=0] Shutting down broker 0 (kafka.controller.KafkaController)
[2021-05-19 04:41:21,330] DEBUG [Controller id=0] All shutting down brokers: 0 (kafka.controller.KafkaController)
[2021-05-19 04:41:21,332] DEBUG [Controller id=0] Live brokers:  (kafka.controller.KafkaController)
[2021-05-19 04:41:21,340] TRACE [Controller id=0] All leaders = topic-3 -> (Leader:0,ISR:0,LeaderEpoch:0,ControllerEpoch:3),topic-0 -> (Leader:0,ISR:0,LeaderEpoch:0,ControllerEpoch:3),topic-5 -> (Leader:0,ISR:0,LeaderEpoch:0,ControllerEpoch:3),topic-2 -> (Leader:0,ISR:0,LeaderEpoch:0,ControllerEpoch:3),topic-4 -> (Leader:0,ISR:0,LeaderEpoch:0,ControllerEpoch:3),topic-1 -> (Leader:0,ISR:0,LeaderEpoch:0,ControllerEpoch:3) (kafka.controller.KafkaController)
[2021-05-19 04:41:22,669] INFO [ControllerEventThread controllerId=0] Shutting down (kafka.controller.ControllerEventManager$ControllerEventThread)
[2021-05-19 04:41:22,671] INFO [ControllerEventThread controllerId=0] Stopped (kafka.controller.ControllerEventManager$ControllerEventThread)
[2021-05-19 04:41:22,671] INFO [ControllerEventThread controllerId=0] Shutdown completed (kafka.controller.ControllerEventManager$ControllerEventThread)
[2021-05-19 04:41:22,672] DEBUG [Controller id=0] Resigning (kafka.controller.KafkaController)
[2021-05-19 04:41:22,673] DEBUG [Controller id=0] Unregister BrokerModifications handler for Set(0) (kafka.controller.KafkaController)
[2021-05-19 04:41:22,675] INFO [PartitionStateMachine controllerId=0] Stopped partition state machine (kafka.controller.ZkPartitionStateMachine)
[2021-05-19 04:41:22,677] INFO [ReplicaStateMachine controllerId=0] Stopped replica state machine (kafka.controller.ZkReplicaStateMachine)
[2021-05-19 04:41:22,677] INFO [RequestSendThread controllerId=0] Shutting down (kafka.controller.RequestSendThread)
[2021-05-19 04:41:22,677] INFO [RequestSendThread controllerId=0] Stopped (kafka.controller.RequestSendThread)
[2021-05-19 04:41:22,677] INFO [RequestSendThread controllerId=0] Shutdown completed (kafka.controller.RequestSendThread)
[2021-05-19 04:41:22,682] INFO [Controller id=0] Resigned (kafka.controller.KafkaController)
