[2021-05-19 04:17:08,293] INFO [Controller id=0 epoch=1] Sending UpdateMetadata request to brokers Set(0) for 0 partitions (state.change.logger)
[2021-05-19 04:32:05,840] INFO [Controller id=0 epoch=2] Sending UpdateMetadata request to brokers Set(0) for 0 partitions (state.change.logger)
[2021-05-19 04:32:56,338] INFO [Controller id=0 epoch=2] Sending UpdateMetadata request to brokers Set() for 0 partitions (state.change.logger)
[2021-05-19 04:35:30,800] INFO [Controller id=0 epoch=3] Sending UpdateMetadata request to brokers Set(0) for 0 partitions (state.change.logger)
[2021-05-19 04:36:00,153] INFO [Controller id=0 epoch=3] Changed partition topic-1 state from NonExistentPartition to NewPartition with assigned replicas 0 (state.change.logger)
[2021-05-19 04:36:00,153] INFO [Controller id=0 epoch=3] Changed partition topic-0 state from NonExistentPartition to NewPartition with assigned replicas 0 (state.change.logger)
[2021-05-19 04:36:00,153] INFO [Controller id=0 epoch=3] Changed partition topic-5 state from NonExistentPartition to NewPartition with assigned replicas 0 (state.change.logger)
[2021-05-19 04:36:00,153] INFO [Controller id=0 epoch=3] Changed partition topic-4 state from NonExistentPartition to NewPartition with assigned replicas 0 (state.change.logger)
[2021-05-19 04:36:00,153] INFO [Controller id=0 epoch=3] Changed partition topic-3 state from NonExistentPartition to NewPartition with assigned replicas 0 (state.change.logger)
[2021-05-19 04:36:00,154] INFO [Controller id=0 epoch=3] Changed partition topic-2 state from NonExistentPartition to NewPartition with assigned replicas 0 (state.change.logger)
[2021-05-19 04:36:00,154] INFO [Controller id=0 epoch=3] Sending UpdateMetadata request to brokers Set() for 0 partitions (state.change.logger)
[2021-05-19 04:36:00,166] INFO [Controller id=0 epoch=3] Sending UpdateMetadata request to brokers Set() for 0 partitions (state.change.logger)
[2021-05-19 04:36:00,273] INFO [Controller id=0 epoch=3] Changed partition topic-1 from NewPartition to OnlinePartition with state LeaderAndIsr(leader=0, leaderEpoch=0, isr=List(0), zkVersion=0) (state.change.logger)
[2021-05-19 04:36:00,273] INFO [Controller id=0 epoch=3] Changed partition topic-0 from NewPartition to OnlinePartition with state LeaderAndIsr(leader=0, leaderEpoch=0, isr=List(0), zkVersion=0) (state.change.logger)
[2021-05-19 04:36:00,273] INFO [Controller id=0 epoch=3] Changed partition topic-5 from NewPartition to OnlinePartition with state LeaderAndIsr(leader=0, leaderEpoch=0, isr=List(0), zkVersion=0) (state.change.logger)
[2021-05-19 04:36:00,273] INFO [Controller id=0 epoch=3] Changed partition topic-4 from NewPartition to OnlinePartition with state LeaderAndIsr(leader=0, leaderEpoch=0, isr=List(0), zkVersion=0) (state.change.logger)
[2021-05-19 04:36:00,273] INFO [Controller id=0 epoch=3] Changed partition topic-3 from NewPartition to OnlinePartition with state LeaderAndIsr(leader=0, leaderEpoch=0, isr=List(0), zkVersion=0) (state.change.logger)
[2021-05-19 04:36:00,274] INFO [Controller id=0 epoch=3] Changed partition topic-2 from NewPartition to OnlinePartition with state LeaderAndIsr(leader=0, leaderEpoch=0, isr=List(0), zkVersion=0) (state.change.logger)
[2021-05-19 04:36:00,280] INFO [Controller id=0 epoch=3] Sending LeaderAndIsr request to broker 0 with 6 become-leader and 0 become-follower partitions (state.change.logger)
[2021-05-19 04:36:00,283] INFO [Controller id=0 epoch=3] Sending UpdateMetadata request to brokers Set(0) for 6 partitions (state.change.logger)
[2021-05-19 04:36:00,286] INFO [Controller id=0 epoch=3] Sending UpdateMetadata request to brokers Set() for 0 partitions (state.change.logger)
[2021-05-19 04:36:00,293] INFO [Broker id=0] Handling LeaderAndIsr request correlationId 1 from controller 0 for 6 partitions (state.change.logger)
[2021-05-19 04:36:00,349] INFO [Broker id=0] Stopped fetchers as part of LeaderAndIsr request correlationId 1 from controller 0 epoch 3 as part of the become-leader transition for 6 partitions (state.change.logger)
[2021-05-19 04:36:00,482] INFO [Broker id=0] Leader topic-3 starts at leader epoch 0 from offset 0 with high watermark 0 ISR [0] addingReplicas [] removingReplicas []. Previous leader epoch was -1. (state.change.logger)
[2021-05-19 04:36:00,549] INFO [Broker id=0] Leader topic-0 starts at leader epoch 0 from offset 0 with high watermark 0 ISR [0] addingReplicas [] removingReplicas []. Previous leader epoch was -1. (state.change.logger)
[2021-05-19 04:36:00,581] INFO [Broker id=0] Leader topic-4 starts at leader epoch 0 from offset 0 with high watermark 0 ISR [0] addingReplicas [] removingReplicas []. Previous leader epoch was -1. (state.change.logger)
[2021-05-19 04:36:00,615] INFO [Broker id=0] Leader topic-1 starts at leader epoch 0 from offset 0 with high watermark 0 ISR [0] addingReplicas [] removingReplicas []. Previous leader epoch was -1. (state.change.logger)
[2021-05-19 04:36:00,649] INFO [Broker id=0] Leader topic-5 starts at leader epoch 0 from offset 0 with high watermark 0 ISR [0] addingReplicas [] removingReplicas []. Previous leader epoch was -1. (state.change.logger)
[2021-05-19 04:36:00,692] INFO [Broker id=0] Leader topic-2 starts at leader epoch 0 from offset 0 with high watermark 0 ISR [0] addingReplicas [] removingReplicas []. Previous leader epoch was -1. (state.change.logger)
[2021-05-19 04:36:00,737] INFO [Broker id=0] Finished LeaderAndIsr request in 447ms correlationId 1 from controller 0 for 6 partitions (state.change.logger)
[2021-05-19 04:36:00,767] INFO [Broker id=0] Add 6 partitions and deleted 0 partitions from metadata cache in response to UpdateMetadata request sent by controller 0 epoch 3 with correlation id 2 (state.change.logger)
[2021-05-19 04:41:21,337] INFO [Controller id=0 epoch=3] Sending UpdateMetadata request to brokers Set() for 0 partitions (state.change.logger)
